# JRE version: OpenJDK Runtime Environment (21.0.2+13) (build 21.0.2+13-58)
# Java VM: OpenJDK 64-Bit Server VM (21.0.2+13-58, mixed mode, emulated-client, sharing, tiered, compressed oops, compressed class ptrs, g1 gc, windows-amd64)
GC Precious Log:
 CardTable entry size: 512
 Card Set container configuration: InlinePtr #cards 4 size 8 Array Of Cards #cards 16 size 48 Howl #buckets 8 coarsen threshold 3686 Howl Bitmap #cards 512 size 80 coarsen threshold 460 Card regions per heap region 1 cards per card region 4096
 CPUs: 8 total, 8 available
 Memory: 16122M
 Large Page Support: Disabled
 NUMA Support: Disabled
 Compressed Oops: Enabled (Zero based)
 Heap Region Size: 2M
 Heap Min Capacity: 8M
 Heap Initial Capacity: 252M
 Heap Max Capacity: 4032M
 Pre-touch: Disabled
 Parallel Workers: 8
 Concurrent Workers: 2
 Concurrent Refinement Workers: 8
 Periodic GC: Disabled
Heap:
 garbage-first heap   total 65536K, used 33346K [0x0000000704000000, 0x0000000800000000)
  region size 2048K, 1 young (2048K), 1 survivors (2048K)
 Metaspace       used 53652K, committed 54336K, reserved 1114112K
  class space    used 7903K, committed 8192K, reserved 1048576K
GC Heap History (20 events):
Event: 2485.314 GC heap after
{Heap after GC invocations=118 (full 0):
 garbage-first heap   total 65536K, used 32715K [0x0000000704000000, 0x0000000800000000)
  region size 2048K, 1 young (2048K), 1 survivors (2048K)
 Metaspace       used 53652K, committed 54336K, reserved 1114112K
  class space    used 7902K, committed 8192K, reserved 1048576K
}
Event: 2530.707 GC heap before
{Heap before GC invocations=118 (full 0):
 garbage-first heap   total 65536K, used 55243K [0x0000000704000000, 0x0000000800000000)
  region size 2048K, 12 young (24576K), 1 survivors (2048K)
 Metaspace       used 53652K, committed 54336K, reserved 1114112K
  class space    used 7902K, committed 8192K, reserved 1048576K
}
Event: 2530.717 GC heap after
{Heap after GC invocations=119 (full 0):
 garbage-first heap   total 65536K, used 32730K [0x0000000704000000, 0x0000000800000000)
  region size 2048K, 1 young (2048K), 1 survivors (2048K)
 Metaspace       used 53652K, committed 54336K, reserved 1114112K
  class space    used 7902K, committed 8192K, reserved 1048576K
}
Event: 2576.172 GC heap before
{Heap before GC invocations=120 (full 0):
 garbage-first heap   total 65536K, used 55258K [0x0000000704000000, 0x0000000800000000)
  region size 2048K, 12 young (24576K), 1 survivors (2048K)
 Metaspace       used 53652K, committed 54336K, reserved 1114112K
  class space    used 7902K, committed 8192K, reserved 1048576K
}
Event: 2576.179 GC heap after
{Heap after GC invocations=121 (full 0):
 garbage-first heap   total 65536K, used 32732K [0x0000000704000000, 0x0000000800000000)
  region size 2048K, 1 young (2048K), 1 survivors (2048K)
 Metaspace       used 53652K, committed 54336K, reserved 1114112K
  class space    used 7902K, committed 8192K, reserved 1048576K
}
Event: 2616.571 GC heap before
{Heap before GC invocations=121 (full 0):
 garbage-first heap   total 65536K, used 55260K [0x0000000704000000, 0x0000000800000000)
  region size 2048K, 12 young (24576K), 1 survivors (2048K)
 Metaspace       used 53654K, committed 54336K, reserved 1114112K
  class space    used 7903K, committed 8192K, reserved 1048576K
}
Event: 2616.580 GC heap after
{Heap after GC invocations=122 (full 0):
 garbage-first heap   total 65536K, used 33007K [0x0000000704000000, 0x0000000800000000)
  region size 2048K, 1 young (2048K), 1 survivors (2048K)
 Metaspace       used 53654K, committed 54336K, reserved 1114112K
  class space    used 7903K, committed 8192K, reserved 1048576K
}
Event: 2662.013 GC heap before
{Heap before GC invocations=123 (full 0):
 garbage-first heap   total 65536K, used 55535K [0x0000000704000000, 0x0000000800000000)
  region size 2048K, 12 young (24576K), 1 survivors (2048K)
 Metaspace       used 53665K, committed 54336K, reserved 1114112K
  class space    used 7906K, committed 8192K, reserved 1048576K
}
Event: 2662.019 GC heap after
{Heap after GC invocations=124 (full 0):
 garbage-first heap   total 65536K, used 33303K [0x0000000704000000, 0x0000000800000000)
  region size 2048K, 1 young (2048K), 1 survivors (2048K)
 Metaspace       used 53665K, committed 54336K, reserved 1114112K
  class space    used 7906K, committed 8192K, reserved 1048576K
}
Event: 2707.419 GC heap before
{Heap before GC invocations=124 (full 0):
 garbage-first heap   total 65536K, used 55831K [0x0000000704000000, 0x0000000800000000)
  region size 2048K, 12 young (24576K), 1 survivors (2048K)
 Metaspace       used 53665K, committed 54336K, reserved 1114112K
  class space    used 7906K, committed 8192K, reserved 1048576K
}
Event: 2707.423 GC heap after
{Heap after GC invocations=125 (full 0):
 garbage-first heap   total 65536K, used 33330K [0x0000000704000000, 0x0000000800000000)
  region size 2048K, 1 young (2048K), 1 survivors (2048K)
 Metaspace       used 53665K, committed 54336K, reserved 1114112K
  class space    used 7906K, committed 8192K, reserved 1048576K
}
Event: 2752.772 GC heap before
{Heap before GC invocations=126 (full 0):
 garbage-first heap   total 65536K, used 55858K [0x0000000704000000, 0x0000000800000000)
  region size 2048K, 12 young (24576K), 1 survivors (2048K)
 Metaspace       used 53652K, committed 54336K, reserved 1114112K
  class space    used 7903K, committed 8192K, reserved 1048576K
}
Event: 2752.774 GC heap after
{Heap after GC invocations=127 (full 0):
 garbage-first heap   total 65536K, used 33334K [0x0000000704000000, 0x0000000800000000)
  region size 2048K, 1 young (2048K), 1 survivors (2048K)
 Metaspace       used 53652K, committed 54336K, reserved 1114112K
  class space    used 7903K, committed 8192K, reserved 1048576K
}
Event: 2798.167 GC heap before
{Heap before GC invocations=127 (full 0):
 garbage-first heap   total 65536K, used 55862K [0x0000000704000000, 0x0000000800000000)
  region size 2048K, 12 young (24576K), 1 survivors (2048K)
 Metaspace       used 53652K, committed 54336K, reserved 1114112K
  class space    used 7903K, committed 8192K, reserved 1048576K
}
Event: 2798.172 GC heap after
{Heap after GC invocations=128 (full 0):
 garbage-first heap   total 65536K, used 33355K [0x0000000704000000, 0x0000000800000000)
  region size 2048K, 1 young (2048K), 1 survivors (2048K)
 Metaspace       used 53652K, committed 54336K, reserved 1114112K
  class space    used 7903K, committed 8192K, reserved 1048576K
}
Event: 2843.613 GC heap before
{Heap before GC invocations=129 (full 0):
 garbage-first heap   total 65536K, used 55883K [0x0000000704000000, 0x0000000800000000)
  region size 2048K, 12 young (24576K), 1 survivors (2048K)
 Metaspace       used 53652K, committed 54336K, reserved 1114112K
  class space    used 7903K, committed 8192K, reserved 1048576K
}
Event: 2843.616 GC heap after
{Heap after GC invocations=130 (full 0):
 garbage-first heap   total 65536K, used 33305K [0x0000000704000000, 0x0000000800000000)
  region size 2048K, 1 young (2048K), 1 survivors (2048K)
 Metaspace       used 53652K, committed 54336K, reserved 1114112K
  class space    used 7903K, committed 8192K, reserved 1048576K
}
Event: 2888.994 GC heap before
{Heap before GC invocations=130 (full 0):
 garbage-first heap   total 65536K, used 55833K [0x0000000704000000, 0x0000000800000000)
  region size 2048K, 12 young (24576K), 1 survivors (2048K)
 Metaspace       used 53652K, committed 54336K, reserved 1114112K
  class space    used 7903K, committed 8192K, reserved 1048576K
}
Event: 2888.999 GC heap after
{Heap after GC invocations=131 (full 0):
 garbage-first heap   total 65536K, used 33327K [0x0000000704000000, 0x0000000800000000)
  region size 2048K, 1 young (2048K), 1 survivors (2048K)
 Metaspace       used 53652K, committed 54336K, reserved 1114112K
  class space    used 7903K, committed 8192K, reserved 1048576K
}
Event: 2935.743 GC heap before
{Heap before GC invocations=132 (full 0):
 garbage-first heap   total 65536K, used 55855K [0x0000000704000000, 0x0000000800000000)
  region size 2048K, 12 young (24576K), 1 survivors (2048K)
 Metaspace       used 53652K, committed 54336K, reserved 1114112K
  class space    used 7903K, committed 8192K, reserved 1048576K
}

