# JRE version: OpenJDK Runtime Environment (21.0.2+13) (build 21.0.2+13-58)
# Java VM: OpenJDK 64-Bit Server VM (21.0.2+13-58, mixed mode, emulated-client, sharing, tiered, compressed oops, compressed class ptrs, g1 gc, windows-amd64)
GC Precious Log:
 CardTable entry size: 512
 Card Set container configuration: InlinePtr #cards 4 size 8 Array Of Cards #cards 16 size 48 Howl #buckets 8 coarsen threshold 3686 Howl Bitmap #cards 512 size 80 coarsen threshold 460 Card regions per heap region 1 cards per card region 4096
 CPUs: 8 total, 8 available
 Memory: 16122M
 Large Page Support: Disabled
 NUMA Support: Disabled
 Compressed Oops: Enabled (Zero based)
 Heap Region Size: 2M
 Heap Min Capacity: 8M
 Heap Initial Capacity: 252M
 Heap Max Capacity: 4032M
 Pre-touch: Disabled
 Parallel Workers: 8
 Concurrent Workers: 2
 Concurrent Refinement Workers: 8
 Periodic GC: Disabled
Heap:
 garbage-first heap   total 83968K, used 38215K [0x0000000704000000, 0x0000000800000000)
  region size 2048K, 2 young (4096K), 2 survivors (4096K)
 Metaspace       used 54429K, committed 55360K, reserved 1114112K
  class space    used 8170K, committed 8576K, reserved 1048576K
GC Heap History (20 events):
Event: 3637.254 GC heap after
{Heap after GC invocations=155 (full 0):
 garbage-first heap   total 83968K, used 37156K [0x0000000704000000, 0x0000000800000000)
  region size 2048K, 1 young (2048K), 1 survivors (2048K)
 Metaspace       used 54423K, committed 55360K, reserved 1114112K
  class space    used 8167K, committed 8576K, reserved 1048576K
}
Event: 3701.182 GC heap before
{Heap before GC invocations=155 (full 0):
 garbage-first heap   total 83968K, used 74020K [0x0000000704000000, 0x0000000800000000)
  region size 2048K, 19 young (38912K), 1 survivors (2048K)
 Metaspace       used 54423K, committed 55360K, reserved 1114112K
  class space    used 8167K, committed 8576K, reserved 1048576K
}
Event: 3701.216 GC heap after
{Heap after GC invocations=156 (full 0):
 garbage-first heap   total 83968K, used 36837K [0x0000000704000000, 0x0000000800000000)
  region size 2048K, 1 young (2048K), 1 survivors (2048K)
 Metaspace       used 54423K, committed 55360K, reserved 1114112K
  class space    used 8167K, committed 8576K, reserved 1048576K
}
Event: 3768.435 GC heap before
{Heap before GC invocations=157 (full 0):
 garbage-first heap   total 83968K, used 73701K [0x0000000704000000, 0x0000000800000000)
  region size 2048K, 19 young (38912K), 1 survivors (2048K)
 Metaspace       used 54428K, committed 55360K, reserved 1114112K
  class space    used 8169K, committed 8576K, reserved 1048576K
}
Event: 3768.442 GC heap after
{Heap after GC invocations=158 (full 0):
 garbage-first heap   total 83968K, used 36869K [0x0000000704000000, 0x0000000800000000)
  region size 2048K, 1 young (2048K), 1 survivors (2048K)
 Metaspace       used 54428K, committed 55360K, reserved 1114112K
  class space    used 8169K, committed 8576K, reserved 1048576K
}
Event: 3839.788 GC heap before
{Heap before GC invocations=158 (full 0):
 garbage-first heap   total 83968K, used 73733K [0x0000000704000000, 0x0000000800000000)
  region size 2048K, 19 young (38912K), 1 survivors (2048K)
 Metaspace       used 54428K, committed 55360K, reserved 1114112K
  class space    used 8169K, committed 8576K, reserved 1048576K
}
Event: 3839.857 GC heap after
{Heap after GC invocations=159 (full 0):
 garbage-first heap   total 83968K, used 37090K [0x0000000704000000, 0x0000000800000000)
  region size 2048K, 1 young (2048K), 1 survivors (2048K)
 Metaspace       used 54428K, committed 55360K, reserved 1114112K
  class space    used 8169K, committed 8576K, reserved 1048576K
}
Event: 3916.092 GC heap before
{Heap before GC invocations=160 (full 0):
 garbage-first heap   total 83968K, used 73954K [0x0000000704000000, 0x0000000800000000)
  region size 2048K, 19 young (38912K), 1 survivors (2048K)
 Metaspace       used 54427K, committed 55360K, reserved 1114112K
  class space    used 8169K, committed 8576K, reserved 1048576K
}
Event: 3916.110 GC heap after
{Heap after GC invocations=161 (full 0):
 garbage-first heap   total 83968K, used 37070K [0x0000000704000000, 0x0000000800000000)
  region size 2048K, 1 young (2048K), 1 survivors (2048K)
 Metaspace       used 54427K, committed 55360K, reserved 1114112K
  class space    used 8169K, committed 8576K, reserved 1048576K
}
Event: 3986.976 GC heap before
{Heap before GC invocations=161 (full 0):
 garbage-first heap   total 83968K, used 73934K [0x0000000704000000, 0x0000000800000000)
  region size 2048K, 19 young (38912K), 1 survivors (2048K)
 Metaspace       used 54427K, committed 55360K, reserved 1114112K
  class space    used 8169K, committed 8576K, reserved 1048576K
}
Event: 3986.998 GC heap after
{Heap after GC invocations=162 (full 0):
 garbage-first heap   total 83968K, used 37180K [0x0000000704000000, 0x0000000800000000)
  region size 2048K, 1 young (2048K), 1 survivors (2048K)
 Metaspace       used 54427K, committed 55360K, reserved 1114112K
  class space    used 8169K, committed 8576K, reserved 1048576K
}
Event: 4042.685 GC heap before
{Heap before GC invocations=163 (full 0):
 garbage-first heap   total 83968K, used 74044K [0x0000000704000000, 0x0000000800000000)
  region size 2048K, 19 young (38912K), 1 survivors (2048K)
 Metaspace       used 54427K, committed 55360K, reserved 1114112K
  class space    used 8169K, committed 8576K, reserved 1048576K
}
Event: 4042.694 GC heap after
{Heap after GC invocations=164 (full 0):
 garbage-first heap   total 83968K, used 37366K [0x0000000704000000, 0x0000000800000000)
  region size 2048K, 1 young (2048K), 1 survivors (2048K)
 Metaspace       used 54427K, committed 55360K, reserved 1114112K
  class space    used 8169K, committed 8576K, reserved 1048576K
}
Event: 4093.238 GC heap before
{Heap before GC invocations=164 (full 0):
 garbage-first heap   total 83968K, used 74230K [0x0000000704000000, 0x0000000800000000)
  region size 2048K, 19 young (38912K), 1 survivors (2048K)
 Metaspace       used 54427K, committed 55360K, reserved 1114112K
  class space    used 8169K, committed 8576K, reserved 1048576K
}
Event: 4093.507 GC heap after
{Heap after GC invocations=165 (full 0):
 garbage-first heap   total 83968K, used 37724K [0x0000000704000000, 0x0000000800000000)
  region size 2048K, 2 young (4096K), 2 survivors (4096K)
 Metaspace       used 54427K, committed 55360K, reserved 1114112K
  class space    used 8169K, committed 8576K, reserved 1048576K
}
Event: 4159.086 GC heap before
{Heap before GC invocations=166 (full 0):
 garbage-first heap   total 83968K, used 70492K [0x0000000704000000, 0x0000000800000000)
  region size 2048K, 18 young (36864K), 2 survivors (4096K)
 Metaspace       used 54427K, committed 55360K, reserved 1114112K
  class space    used 8169K, committed 8576K, reserved 1048576K
}
Event: 4159.101 GC heap after
{Heap after GC invocations=167 (full 0):
 garbage-first heap   total 83968K, used 37630K [0x0000000704000000, 0x0000000800000000)
  region size 2048K, 2 young (4096K), 2 survivors (4096K)
 Metaspace       used 54427K, committed 55360K, reserved 1114112K
  class space    used 8169K, committed 8576K, reserved 1048576K
}
Event: 4209.778 GC heap before
{Heap before GC invocations=167 (full 0):
 garbage-first heap   total 83968K, used 70398K [0x0000000704000000, 0x0000000800000000)
  region size 2048K, 18 young (36864K), 2 survivors (4096K)
 Metaspace       used 54427K, committed 55360K, reserved 1114112K
  class space    used 8169K, committed 8576K, reserved 1048576K
}
Event: 4209.804 GC heap after
{Heap after GC invocations=168 (full 0):
 garbage-first heap   total 83968K, used 37802K [0x0000000704000000, 0x0000000800000000)
  region size 2048K, 2 young (4096K), 2 survivors (4096K)
 Metaspace       used 54427K, committed 55360K, reserved 1114112K
  class space    used 8169K, committed 8576K, reserved 1048576K
}
Event: 4270.802 GC heap before
{Heap before GC invocations=169 (full 0):
 garbage-first heap   total 83968K, used 70570K [0x0000000704000000, 0x0000000800000000)
  region size 2048K, 18 young (36864K), 2 survivors (4096K)
 Metaspace       used 54429K, committed 55360K, reserved 1114112K
  class space    used 8170K, committed 8576K, reserved 1048576K
}

