# JRE version: OpenJDK Runtime Environment (21.0.2+13) (build 21.0.2+13-58)
# Java VM: OpenJDK 64-Bit Server VM (21.0.2+13-58, mixed mode, sharing, tiered, compressed oops, compressed class ptrs, serial gc, windows-amd64)
GC Precious Log:
 CardTable entry size: 512
 CPUs: 8 total, 8 available
 Memory: 16122M
 Large Page Support: Disabled
 NUMA Support: Disabled
 Compressed Oops: Enabled (32-bit)
 Heap Min Capacity: 64M
 Heap Initial Capacity: 64M
 Heap Max Capacity: 256M
 Pre-touch: Disabled
Heap:
 def new generation   total 19648K, used 1994K [0x00000000f0000000, 0x00000000f1550000, 0x00000000f5550000)
  eden space 17472K,   5% used [0x00000000f0000000, 0x00000000f0103b60, 0x00000000f1110000)
  from space 2176K,  43% used [0x00000000f1110000, 0x00000000f11fed28, 0x00000000f1330000)
  to   space 2176K,   0% used [0x00000000f1330000, 0x00000000f1330000, 0x00000000f1550000)
 tenured generation   total 43712K, used 13182K [0x00000000f5550000, 0x00000000f8000000, 0x0000000100000000)
   the space 43712K,  30% used [0x00000000f5550000, 0x00000000f622f920, 0x00000000f622fa00, 0x00000000f8000000)
 Metaspace       used 16231K, committed 16384K, reserved 1114112K
  class space    used 1855K, committed 1920K, reserved 1048576K
GC Heap History (14 events):
Event: 1.198 GC heap before
{Heap before GC invocations=0 (full 0):
 def new generation   total 19648K, used 17472K [0x00000000f0000000, 0x00000000f1550000, 0x00000000f5550000)
  eden space 17472K, 100% used [0x00000000f0000000, 0x00000000f1110000, 0x00000000f1110000)
  from space 2176K,   0% used [0x00000000f1110000, 0x00000000f1110000, 0x00000000f1330000)
  to   space 2176K,   0% used [0x00000000f1330000, 0x00000000f1330000, 0x00000000f1550000)
 tenured generation   total 43712K, used 0K [0x00000000f5550000, 0x00000000f8000000, 0x0000000100000000)
   the space 43712K,   0% used [0x00000000f5550000, 0x00000000f5550000, 0x00000000f5550200, 0x00000000f8000000)
 Metaspace       used 5407K, committed 5568K, reserved 1114112K
  class space    used 613K, committed 704K, reserved 1048576K
}
Event: 1.210 GC heap after
{Heap after GC invocations=1 (full 0):
 def new generation   total 19648K, used 2175K [0x00000000f0000000, 0x00000000f1550000, 0x00000000f5550000)
  eden space 17472K,   0% used [0x00000000f0000000, 0x00000000f0000000, 0x00000000f1110000)
  from space 2176K,  99% used [0x00000000f1330000, 0x00000000f154fff8, 0x00000000f1550000)
  to   space 2176K,   0% used [0x00000000f1110000, 0x00000000f1110000, 0x00000000f1330000)
 tenured generation   total 43712K, used 1352K [0x00000000f5550000, 0x00000000f8000000, 0x0000000100000000)
   the space 43712K,   3% used [0x00000000f5550000, 0x00000000f56a20b8, 0x00000000f56a2200, 0x00000000f8000000)
 Metaspace       used 5407K, committed 5568K, reserved 1114112K
  class space    used 613K, committed 704K, reserved 1048576K
}
Event: 1.665 GC heap before
{Heap before GC invocations=1 (full 0):
 def new generation   total 19648K, used 19647K [0x00000000f0000000, 0x00000000f1550000, 0x00000000f5550000)
  eden space 17472K, 100% used [0x00000000f0000000, 0x00000000f1110000, 0x00000000f1110000)
  from space 2176K,  99% used [0x00000000f1330000, 0x00000000f154fff8, 0x00000000f1550000)
  to   space 2176K,   0% used [0x00000000f1110000, 0x00000000f1110000, 0x00000000f1330000)
 tenured generation   total 43712K, used 1352K [0x00000000f5550000, 0x00000000f8000000, 0x0000000100000000)
   the space 43712K,   3% used [0x00000000f5550000, 0x00000000f56a20b8, 0x00000000f56a2200, 0x00000000f8000000)
 Metaspace       used 6948K, committed 7168K, reserved 1114112K
  class space    used 800K, committed 896K, reserved 1048576K
}
Event: 1.676 GC heap after
{Heap after GC invocations=2 (full 0):
 def new generation   total 19648K, used 605K [0x00000000f0000000, 0x00000000f1550000, 0x00000000f5550000)
  eden space 17472K,   0% used [0x00000000f0000000, 0x00000000f0000000, 0x00000000f1110000)
  from space 2176K,  27% used [0x00000000f1110000, 0x00000000f11a76b0, 0x00000000f1330000)
  to   space 2176K,   0% used [0x00000000f1330000, 0x00000000f1330000, 0x00000000f1550000)
 tenured generation   total 43712K, used 3484K [0x00000000f5550000, 0x00000000f8000000, 0x0000000100000000)
   the space 43712K,   7% used [0x00000000f5550000, 0x00000000f58b7348, 0x00000000f58b7400, 0x00000000f8000000)
 Metaspace       used 6948K, committed 7168K, reserved 1114112K
  class space    used 800K, committed 896K, reserved 1048576K
}
Event: 2.160 GC heap before
{Heap before GC invocations=2 (full 0):
 def new generation   total 19648K, used 18077K [0x00000000f0000000, 0x00000000f1550000, 0x00000000f5550000)
  eden space 17472K, 100% used [0x00000000f0000000, 0x00000000f1110000, 0x00000000f1110000)
  from space 2176K,  27% used [0x00000000f1110000, 0x00000000f11a76b0, 0x00000000f1330000)
  to   space 2176K,   0% used [0x00000000f1330000, 0x00000000f1330000, 0x00000000f1550000)
 tenured generation   total 43712K, used 3484K [0x00000000f5550000, 0x00000000f8000000, 0x0000000100000000)
   the space 43712K,   7% used [0x00000000f5550000, 0x00000000f58b7348, 0x00000000f58b7400, 0x00000000f8000000)
 Metaspace       used 10048K, committed 10240K, reserved 1114112K
  class space    used 1187K, committed 1280K, reserved 1048576K
}
Event: 2.164 GC heap after
{Heap after GC invocations=3 (full 0):
 def new generation   total 19648K, used 1734K [0x00000000f0000000, 0x00000000f1550000, 0x00000000f5550000)
  eden space 17472K,   0% used [0x00000000f0000000, 0x00000000f0000000, 0x00000000f1110000)
  from space 2176K,  79% used [0x00000000f1330000, 0x00000000f14e1b38, 0x00000000f1550000)
  to   space 2176K,   0% used [0x00000000f1110000, 0x00000000f1110000, 0x00000000f1330000)
 tenured generation   total 43712K, used 3484K [0x00000000f5550000, 0x00000000f8000000, 0x0000000100000000)
   the space 43712K,   7% used [0x00000000f5550000, 0x00000000f58b7348, 0x00000000f58b7400, 0x00000000f8000000)
 Metaspace       used 10048K, committed 10240K, reserved 1114112K
  class space    used 1187K, committed 1280K, reserved 1048576K
}
Event: 2.799 GC heap before
{Heap before GC invocations=3 (full 0):
 def new generation   total 19648K, used 19206K [0x00000000f0000000, 0x00000000f1550000, 0x00000000f5550000)
  eden space 17472K, 100% used [0x00000000f0000000, 0x00000000f1110000, 0x00000000f1110000)
  from space 2176K,  79% used [0x00000000f1330000, 0x00000000f14e1b38, 0x00000000f1550000)
  to   space 2176K,   0% used [0x00000000f1110000, 0x00000000f1110000, 0x00000000f1330000)
 tenured generation   total 43712K, used 3484K [0x00000000f5550000, 0x00000000f8000000, 0x0000000100000000)
   the space 43712K,   7% used [0x00000000f5550000, 0x00000000f58b7348, 0x00000000f58b7400, 0x00000000f8000000)
 Metaspace       used 13642K, committed 13824K, reserved 1114112K
  class space    used 1630K, committed 1728K, reserved 1048576K
}
Event: 2.813 GC heap after
{Heap after GC invocations=4 (full 0):
 def new generation   total 19648K, used 1945K [0x00000000f0000000, 0x00000000f1550000, 0x00000000f5550000)
  eden space 17472K,   0% used [0x00000000f0000000, 0x00000000f0000000, 0x00000000f1110000)
  from space 2176K,  89% used [0x00000000f1110000, 0x00000000f12f67b0, 0x00000000f1330000)
  to   space 2176K,   0% used [0x00000000f1330000, 0x00000000f1330000, 0x00000000f1550000)
 tenured generation   total 43712K, used 5164K [0x00000000f5550000, 0x00000000f8000000, 0x0000000100000000)
   the space 43712K,  11% used [0x00000000f5550000, 0x00000000f5a5b218, 0x00000000f5a5b400, 0x00000000f8000000)
 Metaspace       used 13642K, committed 13824K, reserved 1114112K
  class space    used 1630K, committed 1728K, reserved 1048576K
}
Event: 3.338 GC heap before
{Heap before GC invocations=4 (full 0):
 def new generation   total 19648K, used 19417K [0x00000000f0000000, 0x00000000f1550000, 0x00000000f5550000)
  eden space 17472K, 100% used [0x00000000f0000000, 0x00000000f1110000, 0x00000000f1110000)
  from space 2176K,  89% used [0x00000000f1110000, 0x00000000f12f67b0, 0x00000000f1330000)
  to   space 2176K,   0% used [0x00000000f1330000, 0x00000000f1330000, 0x00000000f1550000)
 tenured generation   total 43712K, used 5164K [0x00000000f5550000, 0x00000000f8000000, 0x0000000100000000)
   the space 43712K,  11% used [0x00000000f5550000, 0x00000000f5a5b218, 0x00000000f5a5b400, 0x00000000f8000000)
 Metaspace       used 15287K, committed 15488K, reserved 1114112K
  class space    used 1784K, committed 1856K, reserved 1048576K
}
Event: 3.347 GC heap after
{Heap after GC invocations=5 (full 0):
 def new generation   total 19648K, used 2118K [0x00000000f0000000, 0x00000000f1550000, 0x00000000f5550000)
  eden space 17472K,   0% used [0x00000000f0000000, 0x00000000f0000000, 0x00000000f1110000)
  from space 2176K,  97% used [0x00000000f1330000, 0x00000000f1541bf0, 0x00000000f1550000)
  to   space 2176K,   0% used [0x00000000f1110000, 0x00000000f1110000, 0x00000000f1330000)
 tenured generation   total 43712K, used 7075K [0x00000000f5550000, 0x00000000f8000000, 0x0000000100000000)
   the space 43712K,  16% used [0x00000000f5550000, 0x00000000f5c38c88, 0x00000000f5c38e00, 0x00000000f8000000)
 Metaspace       used 15287K, committed 15488K, reserved 1114112K
  class space    used 1784K, committed 1856K, reserved 1048576K
}
Event: 3.737 GC heap before
{Heap before GC invocations=5 (full 0):
 def new generation   total 19648K, used 19590K [0x00000000f0000000, 0x00000000f1550000, 0x00000000f5550000)
  eden space 17472K, 100% used [0x00000000f0000000, 0x00000000f1110000, 0x00000000f1110000)
  from space 2176K,  97% used [0x00000000f1330000, 0x00000000f1541bf0, 0x00000000f1550000)
  to   space 2176K,   0% used [0x00000000f1110000, 0x00000000f1110000, 0x00000000f1330000)
 tenured generation   total 43712K, used 7075K [0x00000000f5550000, 0x00000000f8000000, 0x0000000100000000)
   the space 43712K,  16% used [0x00000000f5550000, 0x00000000f5c38c88, 0x00000000f5c38e00, 0x00000000f8000000)
 Metaspace       used 15784K, committed 16000K, reserved 1114112K
  class space    used 1832K, committed 1920K, reserved 1048576K
}
Event: 3.746 GC heap after
{Heap after GC invocations=6 (full 0):
 def new generation   total 19648K, used 2176K [0x00000000f0000000, 0x00000000f1550000, 0x00000000f5550000)
  eden space 17472K,   0% used [0x00000000f0000000, 0x00000000f0000000, 0x00000000f1110000)
  from space 2176K, 100% used [0x00000000f1110000, 0x00000000f1330000, 0x00000000f1330000)
  to   space 2176K,   0% used [0x00000000f1330000, 0x00000000f1330000, 0x00000000f1550000)
 tenured generation   total 43712K, used 9125K [0x00000000f5550000, 0x00000000f8000000, 0x0000000100000000)
   the space 43712K,  20% used [0x00000000f5550000, 0x00000000f5e39460, 0x00000000f5e39600, 0x00000000f8000000)
 Metaspace       used 15784K, committed 16000K, reserved 1114112K
  class space    used 1832K, committed 1920K, reserved 1048576K
}
Event: 4.129 GC heap before
{Heap before GC invocations=6 (full 0):
 def new generation   total 19648K, used 19648K [0x00000000f0000000, 0x00000000f1550000, 0x00000000f5550000)
  eden space 17472K, 100% used [0x00000000f0000000, 0x00000000f1110000, 0x00000000f1110000)
  from space 2176K, 100% used [0x00000000f1110000, 0x00000000f1330000, 0x00000000f1330000)
  to   space 2176K,   0% used [0x00000000f1330000, 0x00000000f1330000, 0x00000000f1550000)
 tenured generation   total 43712K, used 9125K [0x00000000f5550000, 0x00000000f8000000, 0x0000000100000000)
   the space 43712K,  20% used [0x00000000f5550000, 0x00000000f5e39460, 0x00000000f5e39600, 0x00000000f8000000)
 Metaspace       used 16077K, committed 16320K, reserved 1114112K
  class space    used 1853K, committed 1920K, reserved 1048576K
}
Event: 4.139 GC heap after
{Heap after GC invocations=7 (full 0):
 def new generation   total 19648K, used 2055K [0x00000000f0000000, 0x00000000f1550000, 0x00000000f5550000)
  eden space 17472K,   0% used [0x00000000f0000000, 0x00000000f0000000, 0x00000000f1110000)
  from space 2176K,  94% used [0x00000000f1330000, 0x00000000f1531e48, 0x00000000f1550000)
  to   space 2176K,   0% used [0x00000000f1110000, 0x00000000f1110000, 0x00000000f1330000)
 tenured generation   total 43712K, used 11207K [0x00000000f5550000, 0x00000000f8000000, 0x0000000100000000)
   the space 43712K,  25% used [0x00000000f5550000, 0x00000000f6041c38, 0x00000000f6041e00, 0x00000000f8000000)
 Metaspace       used 16077K, committed 16320K, reserved 1114112K
  class space    used 1853K, committed 1920K, reserved 1048576K
}

